[2026-04-02 00:43:43] [INFO] START: Password policy
[2026-04-02 00:43:43] [INFO] Applied local password policy
[2026-04-02 00:43:43] [OK] DONE: Password policy
[2026-04-02 00:43:43] [INFO] START: Users and privileges
[2026-04-02 00:43:43] [INFO] Detected current admin: Admin
[2026-04-02 00:43:43] [INFO] Updated password for current admin
[2026-04-02 00:43:43] [INFO] Created user: John Doe
[2026-04-02 00:43:43] [OK] DONE: Users and privileges
[2026-04-02 00:43:43] [INFO] START: UAC
[2026-04-02 00:43:43] [INFO] Registry already set: HKLM:\SOFTWARE\Microsoft\Windows\CurrentVersion\Policies\System :: EnableLUA
[2026-04-02 00:43:43] [INFO] Set registry: HKLM:\SOFTWARE\Microsoft\Windows\CurrentVersion\Policies\System :: ConsentPromptBehaviorAdmin = 2
[2026-04-02 00:43:43] [INFO] Registry already set: HKLM:\SOFTWARE\Microsoft\Windows\CurrentVersion\Policies\System :: PromptOnSecureDesktop
[2026-04-02 00:43:43] [INFO] Set registry: HKLM:\SOFTWARE\Microsoft\Windows\CurrentVersion\Policies\System :: FilterAdministratorToken = 1
[2026-04-02 00:43:43] [OK] DONE: UAC
[2026-04-02 00:43:43] [INFO] START: BitLocker
[2026-04-02 00:43:43] [INFO] BitLocker step skipped
[2026-04-02 00:43:43] [OK] DONE: BitLocker
[2026-04-02 00:43:43] [INFO] START: Microsoft Defender
[2026-04-02 00:43:45] [INFO] Enabled Defender real-time protection
[2026-04-02 00:43:45] [INFO] Enabled Defender cloud-delivered protection
[2026-04-02 00:43:45] [INFO] Configured Defender sample submission
[2026-04-02 00:43:45] [INFO] Enabled Defender PUA protection
[2026-04-02 00:43:45] [INFO] Defender status :: RealTimeProtectionEnabled=True
[2026-04-02 00:43:45] [INFO] Defender status :: IsTamperProtected=True
[2026-04-02 00:43:45] [OK] DONE: Microsoft Defender
[2026-04-02 00:43:45] [INFO] START: Windows Updates
[2026-04-02 00:43:45] [INFO] Set registry: HKLM:\SOFTWARE\Policies\Microsoft\Windows\WindowsUpdate\AU :: NoAutoUpdate = 0
[2026-04-02 00:43:45] [INFO] Set registry: HKLM:\SOFTWARE\Policies\Microsoft\Windows\WindowsUpdate\AU :: AUOptions = 4
[2026-04-02 00:43:45] [INFO] Registry already set: HKLM:\SOFTWARE\Microsoft\WindowsUpdate\UX\Settings :: ActiveHoursStart
[2026-04-02 00:43:45] [INFO] Set registry: HKLM:\SOFTWARE\Microsoft\WindowsUpdate\UX\Settings :: ActiveHoursEnd = 18
[2026-04-02 00:43:45] [OK] DONE: Windows Updates
[2026-04-02 00:43:45] [INFO] START: Firewall
[2026-04-02 00:43:55] [INFO] Configured Windows Firewall profiles
[2026-04-02 00:43:55] [OK] DONE: Firewall
[2026-04-02 00:43:55] [INFO] START: Screen lock
[2026-04-02 00:43:55] [INFO] Set registry: HKLM:\SOFTWARE\Microsoft\Windows\CurrentVersion\Policies\System :: InactivityTimeoutSecs = 600
[2026-04-02 00:43:55] [OK] DONE: Screen lock
[2026-04-02 00:43:55] [INFO] START: Disable legacy features
[2026-04-02 00:44:12] [INFO] Disabled feature: SMB1Protocol
[2026-04-02 00:45:01] [INFO] Disabled feature: MicrosoftWindowsPowerShellV2
[2026-04-02 00:45:14] [INFO] Disabled feature: MicrosoftWindowsPowerShellV2Root
[2026-04-02 00:45:14] [INFO] Set registry: HKLM:\SOFTWARE\Microsoft\Windows\CurrentVersion\Policies\Explorer :: NoDriveTypeAutoRun = 255
[2026-04-02 00:45:14] [INFO] Set registry: HKLM:\SOFTWARE\Microsoft\Windows\CurrentVersion\Policies\Explorer :: NoAutorun = 1
[2026-04-02 00:45:14] [INFO] Set registry: HKLM:\SOFTWARE\Policies\Microsoft\Windows\Explorer :: NoAutoplayfornonVolume = 1
[2026-04-02 00:45:14] [OK] DONE: Disable legacy features
[2026-04-02 00:45:14] [INFO] START: Office policies
[2026-04-02 00:45:14] [INFO] Office policy step skipped
[2026-04-02 00:45:14] [OK] DONE: Office policies
[2026-04-02 00:45:14] [INFO] START: Script handling
[2026-04-02 00:45:14] [WARN] ExecutionPolicy is overridden by a more specific scope; continuing with current effective policy
[2026-04-02 00:45:14] [WARN] ExecutionPolicy scopes:
Scope ExecutionPolicy
        ----- ---------------
MachinePolicy       Undefined
   UserPolicy       Undefined
      Process          Bypass
  CurrentUser       Undefined
 LocalMachine    RemoteSigned
[2026-04-02 00:45:15] [INFO] Associated .ps1 with txtfile to reduce accidental double-click execution
[2026-04-02 00:45:15] [OK] DONE: Script handling
[2026-04-02 00:45:15] [INFO] START: SmartScreen
[2026-04-02 00:45:15] [INFO] Set registry: HKLM:\SOFTWARE\Policies\Microsoft\Windows\System :: EnableSmartScreen = 1
[2026-04-02 00:45:15] [INFO] Set registry: HKLM:\SOFTWARE\Policies\Microsoft\Windows\System :: ShellSmartScreenLevel = Block
[2026-04-02 00:45:15] [INFO] Set registry: HKLM:\SOFTWARE\Microsoft\Windows\CurrentVersion\Explorer :: SmartScreenEnabled = Warn
[2026-04-02 00:45:15] [OK] DONE: SmartScreen
[2026-04-02 00:45:15] [INFO] START: Auditing
[2026-04-02 00:45:15] [INFO] Set registry: HKLM:\SOFTWARE\Microsoft\Windows\CurrentVersion\Policies\System\Audit :: ProcessCreationIncludeCmdLine_Enabled = 1
[2026-04-02 00:45:15] [INFO] Enabled basic audit policy
[2026-04-02 00:45:15] [OK] DONE: Auditing
[2026-04-02 00:45:15] [INFO] START: Time sync
[2026-04-02 00:45:17] [INFO] Configured NTP sync using time.windows.com,0x9
[2026-04-02 00:45:17] [OK] DONE: Time sync
[2026-04-02 00:45:17] [INFO] Provisioning completed
[2026-04-02 00:45:17] [WARN] Reboot is strongly recommended
[2026-04-02 01:06:25] [INFO] START: Password policy
[2026-04-02 01:06:26] [INFO] Applied local password policy
[2026-04-02 01:06:26] [OK] DONE: Password policy
[2026-04-02 01:06:26] [INFO] START: Users and privileges
[2026-04-02 01:06:26] [INFO] Detected current admin: Admin
[2026-04-02 01:06:26] [INFO] Updated password for current admin
[2026-04-02 01:06:26] [INFO] Created user: John Doe
[2026-04-02 01:06:26] [OK] DONE: Users and privileges
[2026-04-02 01:06:26] [INFO] START: UAC
[2026-04-02 01:06:26] [INFO] Registry already set: HKLM:\SOFTWARE\Microsoft\Windows\CurrentVersion\Policies\System :: EnableLUA
[2026-04-02 01:06:26] [INFO] Set registry: HKLM:\SOFTWARE\Microsoft\Windows\CurrentVersion\Policies\System :: ConsentPromptBehaviorAdmin = 2
[2026-04-02 01:06:26] [INFO] Registry already set: HKLM:\SOFTWARE\Microsoft\Windows\CurrentVersion\Policies\System :: PromptOnSecureDesktop
[2026-04-02 01:06:26] [INFO] Set registry: HKLM:\SOFTWARE\Microsoft\Windows\CurrentVersion\Policies\System :: FilterAdministratorToken = 1
[2026-04-02 01:06:26] [OK] DONE: UAC
[2026-04-02 01:06:26] [INFO] START: BitLocker
[2026-04-02 01:06:26] [INFO] BitLocker step skipped
[2026-04-02 01:06:26] [OK] DONE: BitLocker
[2026-04-02 01:06:26] [INFO] START: Microsoft Defender
[2026-04-02 01:06:27] [INFO] Enabled Defender real-time protection
[2026-04-02 01:06:28] [INFO] Enabled Defender cloud-delivered protection
[2026-04-02 01:06:28] [INFO] Configured Defender sample submission
[2026-04-02 01:06:28] [INFO] Enabled Defender PUA protection
[2026-04-02 01:06:28] [INFO] Defender status :: RealTimeProtectionEnabled=True
[2026-04-02 01:06:28] [INFO] Defender status :: IsTamperProtected=True
[2026-04-02 01:06:28] [OK] DONE: Microsoft Defender
[2026-04-02 01:06:28] [INFO] START: Windows Updates
[2026-04-02 01:06:28] [INFO] Set registry: HKLM:\SOFTWARE\Policies\Microsoft\Windows\WindowsUpdate\AU :: NoAutoUpdate = 0
[2026-04-02 01:06:28] [INFO] Set registry: HKLM:\SOFTWARE\Policies\Microsoft\Windows\WindowsUpdate\AU :: AUOptions = 4
[2026-04-02 01:06:28] [INFO] Registry already set: HKLM:\SOFTWARE\Microsoft\WindowsUpdate\UX\Settings :: ActiveHoursStart
[2026-04-02 01:06:28] [INFO] Set registry: HKLM:\SOFTWARE\Microsoft\WindowsUpdate\UX\Settings :: ActiveHoursEnd = 18
[2026-04-02 01:06:28] [OK] DONE: Windows Updates
[2026-04-02 01:06:28] [INFO] START: Firewall
[2026-04-02 01:06:48] [INFO] Configured Windows Firewall profiles
[2026-04-02 01:06:48] [OK] DONE: Firewall
[2026-04-02 01:06:48] [INFO] START: Screen lock
[2026-04-02 01:06:48] [INFO] Set registry: HKLM:\SOFTWARE\Microsoft\Windows\CurrentVersion\Policies\System :: InactivityTimeoutSecs = 600
[2026-04-02 01:06:49] [OK] DONE: Screen lock
[2026-04-02 01:06:49] [INFO] START: Disable legacy features
[2026-04-02 01:06:55] [INFO] Disabled feature: SMB1Protocol
[2026-04-02 01:07:10] [INFO] Disabled feature: MicrosoftWindowsPowerShellV2
[2026-04-02 01:07:12] [INFO] Disabled feature: MicrosoftWindowsPowerShellV2Root
[2026-04-02 01:07:12] [INFO] Set registry: HKLM:\SOFTWARE\Microsoft\Windows\CurrentVersion\Policies\Explorer :: NoDriveTypeAutoRun = 255
[2026-04-02 01:07:12] [INFO] Set registry: HKLM:\SOFTWARE\Microsoft\Windows\CurrentVersion\Policies\Explorer :: NoAutorun = 1
[2026-04-02 01:07:12] [INFO] Set registry: HKLM:\SOFTWARE\Policies\Microsoft\Windows\Explorer :: NoAutoplayfornonVolume = 1
[2026-04-02 01:07:12] [OK] DONE: Disable legacy features
[2026-04-02 01:07:12] [INFO] START: Office policies
[2026-04-02 01:07:12] [INFO] Office policy step skipped
[2026-04-02 01:07:12] [OK] DONE: Office policies
[2026-04-02 01:07:12] [INFO] START: Script handling
[2026-04-02 01:07:12] [WARN] ExecutionPolicy is overridden by a more specific scope; continuing with current effective policy
[2026-04-02 01:07:12] [WARN] ExecutionPolicy scopes:
Scope ExecutionPolicy
        ----- ---------------
MachinePolicy       Undefined
   UserPolicy       Undefined
      Process          Bypass
  CurrentUser       Undefined
 LocalMachine    RemoteSigned
[2026-04-02 01:07:12] [INFO] Associated .ps1 with txtfile to reduce accidental double-click execution
[2026-04-02 01:07:12] [OK] DONE: Script handling
[2026-04-02 01:07:12] [INFO] START: SmartScreen
[2026-04-02 01:07:12] [INFO] Set registry: HKLM:\SOFTWARE\Policies\Microsoft\Windows\System :: EnableSmartScreen = 1
[2026-04-02 01:07:13] [INFO] Set registry: HKLM:\SOFTWARE\Policies\Microsoft\Windows\System :: ShellSmartScreenLevel = Block
[2026-04-02 01:07:13] [INFO] Set registry: HKLM:\SOFTWARE\Microsoft\Windows\CurrentVersion\Explorer :: SmartScreenEnabled = Warn
[2026-04-02 01:07:13] [OK] DONE: SmartScreen
[2026-04-02 01:07:13] [INFO] START: Auditing
[2026-04-02 01:07:13] [INFO] Set registry: HKLM:\SOFTWARE\Microsoft\Windows\CurrentVersion\Policies\System\Audit :: ProcessCreationIncludeCmdLine_Enabled = 1
[2026-04-02 01:07:13] [INFO] Enabled basic audit policy
[2026-04-02 01:07:13] [OK] DONE: Auditing
[2026-04-02 01:07:13] [INFO] START: Time sync
[2026-03-27 02:01:43] [INFO] Configured NTP sync using time.windows.com,0x9
[2026-03-27 02:01:43] [OK] DONE: Time sync
[2026-03-27 02:01:43] [INFO] Provisioning completed
[2026-03-27 02:01:43] [WARN] Reboot is strongly recommended
